{"D:\\specskills\\src\\commands\\implement.ts": {"path":"D:\\specskills\\src\\commands\\implement.ts","statementMap":{"0":{"start":{"line":15,"column":46},"end":{"line":222,"column":null}},"1":{"start":{"line":19,"column":4},"end":{"line":219,"column":null}},"2":{"start":{"line":20,"column":12},"end":{"line":20,"column":67}},"3":{"start":{"line":23,"column":28},"end":{"line":23,"column":null}},"4":{"start":{"line":24,"column":27},"end":{"line":24,"column":93}},"5":{"start":{"line":24,"column":53},"end":{"line":24,"column":92}},"6":{"start":{"line":26,"column":6},"end":{"line":30,"column":null}},"7":{"start":{"line":27,"column":8},"end":{"line":30,"column":null}},"8":{"start":{"line":34,"column":12},"end":{"line":34,"column":73}},"9":{"start":{"line":35,"column":6},"end":{"line":39,"column":null}},"10":{"start":{"line":36,"column":8},"end":{"line":39,"column":null}},"11":{"start":{"line":42,"column":12},"end":{"line":42,"column":52}},"12":{"start":{"line":43,"column":6},"end":{"line":47,"column":null}},"13":{"start":{"line":44,"column":8},"end":{"line":47,"column":null}},"14":{"start":{"line":51,"column":31},"end":{"line":51,"column":60}},"15":{"start":{"line":52,"column":26},"end":{"line":52,"column":null}},"16":{"start":{"line":53,"column":26},"end":{"line":53,"column":null}},"17":{"start":{"line":55,"column":6},"end":{"line":82,"column":null}},"18":{"start":{"line":57,"column":27},"end":{"line":57,"column":57}},"19":{"start":{"line":58,"column":24},"end":{"line":60,"column":null}},"20":{"start":{"line":59,"column":10},"end":{"line":60,"column":57}},"21":{"start":{"line":63,"column":8},"end":{"line":82,"column":null}},"22":{"start":{"line":64,"column":10},"end":{"line":64,"column":null}},"23":{"start":{"line":65,"column":10},"end":{"line":65,"column":null}},"24":{"start":{"line":66,"column":19},"end":{"line":82,"column":null}},"25":{"start":{"line":68,"column":29},"end":{"line":68,"column":90}},"26":{"start":{"line":68,"column":47},"end":{"line":68,"column":90}},"27":{"start":{"line":69,"column":10},"end":{"line":76,"column":null}},"28":{"start":{"line":70,"column":12},"end":{"line":70,"column":null}},"29":{"start":{"line":71,"column":12},"end":{"line":71,"column":null}},"30":{"start":{"line":73,"column":12},"end":{"line":76,"column":null}},"31":{"start":{"line":75,"column":93},"end":{"line":75,"column":114}},"32":{"start":{"line":79,"column":10},"end":{"line":82,"column":null}},"33":{"start":{"line":87,"column":6},"end":{"line":94,"column":null}},"34":{"start":{"line":88,"column":8},"end":{"line":88,"column":null}},"35":{"start":{"line":88,"column":41},"end":{"line":88,"column":68}},"36":{"start":{"line":89,"column":8},"end":{"line":94,"column":null}},"37":{"start":{"line":90,"column":10},"end":{"line":90,"column":null}},"38":{"start":{"line":92,"column":10},"end":{"line":92,"column":null}},"39":{"start":{"line":92,"column":43},"end":{"line":92,"column":66}},"40":{"start":{"line":93,"column":10},"end":{"line":94,"column":null}},"41":{"start":{"line":94,"column":12},"end":{"line":94,"column":null}},"42":{"start":{"line":99,"column":6},"end":{"line":103,"column":null}},"43":{"start":{"line":100,"column":8},"end":{"line":103,"column":null}},"44":{"start":{"line":107,"column":23},"end":{"line":107,"column":72}},"45":{"start":{"line":108,"column":23},"end":{"line":108,"column":53}},"46":{"start":{"line":111,"column":34},"end":{"line":111,"column":64}},"47":{"start":{"line":112,"column":6},"end":{"line":117,"column":null}},"48":{"start":{"line":113,"column":24},"end":{"line":113,"column":63}},"49":{"start":{"line":114,"column":8},"end":{"line":117,"column":null}},"50":{"start":{"line":120,"column":6},"end":{"line":124,"column":null}},"51":{"start":{"line":121,"column":8},"end":{"line":124,"column":null}},"52":{"start":{"line":127,"column":12},"end":{"line":127,"column":44}},"53":{"start":{"line":128,"column":6},"end":{"line":132,"column":null}},"54":{"start":{"line":129,"column":8},"end":{"line":132,"column":null}},"55":{"start":{"line":136,"column":12},"end":{"line":136,"column":72}},"56":{"start":{"line":137,"column":12},"end":{"line":137,"column":67}},"57":{"start":{"line":140,"column":12},"end":{"line":140,"column":47}},"58":{"start":{"line":141,"column":27},"end":{"line":141,"column":68}},"59":{"start":{"line":141,"column":45},"end":{"line":141,"column":68}},"60":{"start":{"line":142,"column":26},"end":{"line":142,"column":69}},"61":{"start":{"line":142,"column":42},"end":{"line":142,"column":69}},"62":{"start":{"line":145,"column":20},"end":{"line":145,"column":null}},"63":{"start":{"line":146,"column":6},"end":{"line":146,"column":null}},"64":{"start":{"line":148,"column":6},"end":{"line":149,"column":null}},"65":{"start":{"line":149,"column":8},"end":{"line":149,"column":null}},"66":{"start":{"line":149,"column":66},"end":{"line":149,"column":81}},"67":{"start":{"line":152,"column":6},"end":{"line":152,"column":null}},"68":{"start":{"line":154,"column":6},"end":{"line":156,"column":null}},"69":{"start":{"line":155,"column":8},"end":{"line":155,"column":null}},"70":{"start":{"line":156,"column":8},"end":{"line":156,"column":null}},"71":{"start":{"line":159,"column":6},"end":{"line":164,"column":null}},"72":{"start":{"line":160,"column":8},"end":{"line":160,"column":null}},"73":{"start":{"line":161,"column":8},"end":{"line":162,"column":null}},"74":{"start":{"line":162,"column":10},"end":{"line":162,"column":null}},"75":{"start":{"line":164,"column":8},"end":{"line":164,"column":null}},"76":{"start":{"line":168,"column":23},"end":{"line":168,"column":53}},"77":{"start":{"line":169,"column":24},"end":{"line":169,"column":null}},"78":{"start":{"line":171,"column":6},"end":{"line":175,"column":null}},"79":{"start":{"line":172,"column":14},"end":{"line":172,"column":46}},"80":{"start":{"line":173,"column":8},"end":{"line":175,"column":null}},"81":{"start":{"line":174,"column":10},"end":{"line":174,"column":null}},"82":{"start":{"line":175,"column":10},"end":{"line":175,"column":null}},"83":{"start":{"line":180,"column":12},"end":{"line":180,"column":76}},"84":{"start":{"line":181,"column":12},"end":{"line":181,"column":81}},"85":{"start":{"line":182,"column":12},"end":{"line":182,"column":78}},"86":{"start":{"line":184,"column":6},"end":{"line":188,"column":null}},"87":{"start":{"line":185,"column":8},"end":{"line":185,"column":null}},"88":{"start":{"line":186,"column":8},"end":{"line":186,"column":null}},"89":{"start":{"line":186,"column":28},"end":{"line":186,"column":null}},"90":{"start":{"line":187,"column":8},"end":{"line":187,"column":null}},"91":{"start":{"line":187,"column":30},"end":{"line":187,"column":null}},"92":{"start":{"line":188,"column":8},"end":{"line":188,"column":null}},"93":{"start":{"line":188,"column":29},"end":{"line":188,"column":null}},"94":{"start":{"line":191,"column":6},"end":{"line":193,"column":null}},"95":{"start":{"line":192,"column":8},"end":{"line":192,"column":null}},"96":{"start":{"line":193,"column":8},"end":{"line":193,"column":null}},"97":{"start":{"line":196,"column":6},"end":{"line":196,"column":null}},"98":{"start":{"line":197,"column":6},"end":{"line":197,"column":null}},"99":{"start":{"line":198,"column":6},"end":{"line":198,"column":null}},"100":{"start":{"line":199,"column":6},"end":{"line":199,"column":null}},"101":{"start":{"line":200,"column":6},"end":{"line":200,"column":null}},"102":{"start":{"line":201,"column":6},"end":{"line":201,"column":null}},"103":{"start":{"line":202,"column":6},"end":{"line":202,"column":null}},"104":{"start":{"line":203,"column":6},"end":{"line":203,"column":null}},"105":{"start":{"line":205,"column":6},"end":{"line":214,"column":null}},"106":{"start":{"line":216,"column":6},"end":{"line":219,"column":null}}},"fnMap":{"0":{"name":"(anonymous_0)","decl":{"start":{"line":18,"column":11},"end":{"line":18,"column":18}},"loc":{"start":{"line":18,"column":70},"end":{"line":219,"column":null}},"line":18},"1":{"name":"(anonymous_1)","decl":{"start":{"line":24,"column":41},"end":{"line":24,"column":48}},"loc":{"start":{"line":24,"column":53},"end":{"line":24,"column":92}},"line":24},"2":{"name":"(anonymous_2)","decl":{"start":{"line":58,"column":31},"end":{"line":58,"column":38}},"loc":{"start":{"line":59,"column":10},"end":{"line":60,"column":57}},"line":59},"3":{"name":"(anonymous_3)","decl":{"start":{"line":68,"column":37},"end":{"line":68,"column":42}},"loc":{"start":{"line":68,"column":47},"end":{"line":68,"column":90}},"line":68},"4":{"name":"(anonymous_4)","decl":{"start":{"line":75,"column":84},"end":{"line":75,"column":88}},"loc":{"start":{"line":75,"column":93},"end":{"line":75,"column":114}},"line":75},"5":{"name":"(anonymous_5)","decl":{"start":{"line":88,"column":31},"end":{"line":88,"column":36}},"loc":{"start":{"line":88,"column":41},"end":{"line":88,"column":68}},"line":88},"6":{"name":"(anonymous_6)","decl":{"start":{"line":92,"column":33},"end":{"line":92,"column":38}},"loc":{"start":{"line":92,"column":43},"end":{"line":92,"column":66}},"line":92},"7":{"name":"(anonymous_7)","decl":{"start":{"line":141,"column":33},"end":{"line":141,"column":40}},"loc":{"start":{"line":141,"column":45},"end":{"line":141,"column":68}},"line":141},"8":{"name":"(anonymous_8)","decl":{"start":{"line":142,"column":32},"end":{"line":142,"column":37}},"loc":{"start":{"line":142,"column":42},"end":{"line":142,"column":69}},"line":142},"9":{"name":"(anonymous_9)","decl":{"start":{"line":149,"column":57},"end":{"line":149,"column":61}},"loc":{"start":{"line":149,"column":66},"end":{"line":149,"column":81}},"line":149}},"branchMap":{"0":{"loc":{"start":{"line":26,"column":6},"end":{"line":30,"column":null}},"type":"if","locations":[{"start":{"line":26,"column":6},"end":{"line":30,"column":null}},{"start":{},"end":{}}],"line":26},"1":{"loc":{"start":{"line":35,"column":6},"end":{"line":39,"column":null}},"type":"if","locations":[{"start":{"line":35,"column":6},"end":{"line":39,"column":null}},{"start":{},"end":{}}],"line":35},"2":{"loc":{"start":{"line":43,"column":6},"end":{"line":47,"column":null}},"type":"if","locations":[{"start":{"line":43,"column":6},"end":{"line":47,"column":null}},{"start":{},"end":{}}],"line":43},"3":{"loc":{"start":{"line":55,"column":6},"end":{"line":82,"column":null}},"type":"if","locations":[{"start":{"line":55,"column":6},"end":{"line":82,"column":null}},{"start":{},"end":{}}],"line":55},"4":{"loc":{"start":{"line":59,"column":10},"end":{"line":60,"column":57}},"type":"binary-expr","locations":[{"start":{"line":59,"column":10},"end":{"line":59,"column":58}},{"start":{"line":60,"column":10},"end":{"line":60,"column":57}}],"line":59},"5":{"loc":{"start":{"line":63,"column":8},"end":{"line":82,"column":null}},"type":"if","locations":[{"start":{"line":63,"column":8},"end":{"line":82,"column":null}},{"start":{"line":66,"column":19},"end":{"line":82,"column":null}}],"line":63},"6":{"loc":{"start":{"line":66,"column":19},"end":{"line":82,"column":null}},"type":"if","locations":[{"start":{"line":66,"column":19},"end":{"line":82,"column":null}},{"start":{"line":78,"column":15},"end":{"line":82,"column":null}}],"line":66},"7":{"loc":{"start":{"line":69,"column":10},"end":{"line":76,"column":null}},"type":"if","locations":[{"start":{"line":69,"column":10},"end":{"line":76,"column":null}},{"start":{"line":72,"column":17},"end":{"line":76,"column":null}}],"line":69},"8":{"loc":{"start":{"line":87,"column":6},"end":{"line":94,"column":null}},"type":"if","locations":[{"start":{"line":87,"column":6},"end":{"line":94,"column":null}},{"start":{},"end":{}}],"line":87},"9":{"loc":{"start":{"line":88,"column":24},"end":{"line":88,"column":null}},"type":"binary-expr","locations":[{"start":{"line":88,"column":24},"end":{"line":88,"column":68}},{"start":{"line":88,"column":72},"end":{"line":88,"column":null}}],"line":88},"10":{"loc":{"start":{"line":89,"column":8},"end":{"line":94,"column":null}},"type":"if","locations":[{"start":{"line":89,"column":8},"end":{"line":94,"column":null}},{"start":{"line":91,"column":15},"end":{"line":94,"column":null}}],"line":89},"11":{"loc":{"start":{"line":92,"column":26},"end":{"line":92,"column":null}},"type":"binary-expr","locations":[{"start":{"line":92,"column":26},"end":{"line":92,"column":66}},{"start":{"line":92,"column":70},"end":{"line":92,"column":null}}],"line":92},"12":{"loc":{"start":{"line":93,"column":10},"end":{"line":94,"column":null}},"type":"if","locations":[{"start":{"line":93,"column":10},"end":{"line":94,"column":null}},{"start":{},"end":{}}],"line":93},"13":{"loc":{"start":{"line":99,"column":6},"end":{"line":103,"column":null}},"type":"if","locations":[{"start":{"line":99,"column":6},"end":{"line":103,"column":null}},{"start":{},"end":{}}],"line":99},"14":{"loc":{"start":{"line":112,"column":6},"end":{"line":117,"column":null}},"type":"if","locations":[{"start":{"line":112,"column":6},"end":{"line":117,"column":null}},{"start":{},"end":{}}],"line":112},"15":{"loc":{"start":{"line":120,"column":6},"end":{"line":124,"column":null}},"type":"if","locations":[{"start":{"line":120,"column":6},"end":{"line":124,"column":null}},{"start":{},"end":{}}],"line":120},"16":{"loc":{"start":{"line":128,"column":6},"end":{"line":132,"column":null}},"type":"if","locations":[{"start":{"line":128,"column":6},"end":{"line":132,"column":null}},{"start":{},"end":{}}],"line":128},"17":{"loc":{"start":{"line":148,"column":6},"end":{"line":149,"column":null}},"type":"if","locations":[{"start":{"line":148,"column":6},"end":{"line":149,"column":null}},{"start":{},"end":{}}],"line":148},"18":{"loc":{"start":{"line":154,"column":6},"end":{"line":156,"column":null}},"type":"if","locations":[{"start":{"line":154,"column":6},"end":{"line":156,"column":null}},{"start":{},"end":{}}],"line":154},"19":{"loc":{"start":{"line":159,"column":6},"end":{"line":164,"column":null}},"type":"if","locations":[{"start":{"line":159,"column":6},"end":{"line":164,"column":null}},{"start":{},"end":{}}],"line":159},"20":{"loc":{"start":{"line":171,"column":6},"end":{"line":175,"column":null}},"type":"if","locations":[{"start":{"line":171,"column":6},"end":{"line":175,"column":null}},{"start":{},"end":{}}],"line":171},"21":{"loc":{"start":{"line":173,"column":8},"end":{"line":175,"column":null}},"type":"if","locations":[{"start":{"line":173,"column":8},"end":{"line":175,"column":null}},{"start":{},"end":{}}],"line":173},"22":{"loc":{"start":{"line":184,"column":6},"end":{"line":188,"column":null}},"type":"if","locations":[{"start":{"line":184,"column":6},"end":{"line":188,"column":null}},{"start":{},"end":{}}],"line":184},"23":{"loc":{"start":{"line":184,"column":10},"end":{"line":184,"column":65}},"type":"binary-expr","locations":[{"start":{"line":184,"column":10},"end":{"line":184,"column":28}},{"start":{"line":184,"column":28},"end":{"line":184,"column":48}},{"start":{"line":184,"column":48},"end":{"line":184,"column":65}}],"line":184},"24":{"loc":{"start":{"line":186,"column":8},"end":{"line":186,"column":null}},"type":"if","locations":[{"start":{"line":186,"column":8},"end":{"line":186,"column":null}},{"start":{},"end":{}}],"line":186},"25":{"loc":{"start":{"line":187,"column":8},"end":{"line":187,"column":null}},"type":"if","locations":[{"start":{"line":187,"column":8},"end":{"line":187,"column":null}},{"start":{},"end":{}}],"line":187},"26":{"loc":{"start":{"line":188,"column":8},"end":{"line":188,"column":null}},"type":"if","locations":[{"start":{"line":188,"column":8},"end":{"line":188,"column":null}},{"start":{},"end":{}}],"line":188},"27":{"loc":{"start":{"line":218,"column":43},"end":{"line":218,"column":97}},"type":"cond-expr","locations":[{"start":{"line":218,"column":68},"end":{"line":218,"column":84}},{"start":{"line":218,"column":84},"end":{"line":218,"column":97}}],"line":218}},"s":{"0":1,"1":6,"2":6,"3":6,"4":6,"5":18,"6":6,"7":1,"8":5,"9":5,"10":0,"11":5,"12":5,"13":0,"14":5,"15":5,"16":5,"17":5,"18":2,"19":2,"20":4,"21":2,"22":1,"23":1,"24":1,"25":1,"26":2,"27":1,"28":0,"29":0,"30":1,"31":2,"32":0,"33":4,"34":3,"35":3,"36":3,"37":2,"38":1,"39":1,"40":1,"41":0,"42":4,"43":1,"44":3,"45":3,"46":3,"47":3,"48":1,"49":1,"50":2,"51":0,"52":2,"53":2,"54":0,"55":2,"56":2,"57":2,"58":2,"59":2,"60":2,"61":1,"62":2,"63":2,"64":2,"65":0,"66":0,"67":2,"68":2,"69":1,"70":1,"71":2,"72":1,"73":1,"74":1,"75":1,"76":2,"77":2,"78":2,"79":1,"80":1,"81":1,"82":1,"83":2,"84":2,"85":2,"86":2,"87":1,"88":1,"89":1,"90":1,"91":1,"92":1,"93":1,"94":2,"95":0,"96":0,"97":2,"98":2,"99":2,"100":2,"101":2,"102":2,"103":2,"104":2,"105":2,"106":0},"f":{"0":6,"1":18,"2":4,"3":2,"4":2,"5":3,"6":1,"7":2,"8":1,"9":0},"b":{"0":[1,5],"1":[0,5],"2":[0,5],"3":[2,3],"4":[4,1],"5":[1,1],"6":[1,0],"7":[0,1],"8":[3,1],"9":[3,1],"10":[2,1],"11":[1,1],"12":[0,1],"13":[1,3],"14":[1,2],"15":[0,2],"16":[0,2],"17":[0,2],"18":[1,1],"19":[1,1],"20":[1,1],"21":[1,0],"22":[1,1],"23":[2,1,1],"24":[1,0],"25":[1,0],"26":[1,0],"27":[0,0]},"meta":{"lastBranch":28,"lastFunction":10,"lastStatement":107,"seen":{"s:15:46:222:Infinity":0,"f:18:11:18:18":0,"s:19:4:219:Infinity":1,"s:20:12:20:67":2,"s:23:28:23:Infinity":3,"s:24:27:24:93":4,"f:24:41:24:48":1,"s:24:53:24:92":5,"b:26:6:30:Infinity:undefined:undefined:undefined:undefined":0,"s:26:6:30:Infinity":6,"s:27:8:30:Infinity":7,"s:34:12:34:73":8,"b:35:6:39:Infinity:undefined:undefined:undefined:undefined":1,"s:35:6:39:Infinity":9,"s:36:8:39:Infinity":10,"s:42:12:42:52":11,"b:43:6:47:Infinity:undefined:undefined:undefined:undefined":2,"s:43:6:47:Infinity":12,"s:44:8:47:Infinity":13,"s:51:31:51:60":14,"s:52:26:52:Infinity":15,"s:53:26:53:Infinity":16,"b:55:6:82:Infinity:undefined:undefined:undefined:undefined":3,"s:55:6:82:Infinity":17,"s:57:27:57:57":18,"s:58:24:60:Infinity":19,"f:58:31:58:38":2,"s:59:10:60:57":20,"b:59:10:59:58:60:10:60:57":4,"b:63:8:82:Infinity:66:19:82:Infinity":5,"s:63:8:82:Infinity":21,"s:64:10:64:Infinity":22,"s:65:10:65:Infinity":23,"b:66:19:82:Infinity:78:15:82:Infinity":6,"s:66:19:82:Infinity":24,"s:68:29:68:90":25,"f:68:37:68:42":3,"s:68:47:68:90":26,"b:69:10:76:Infinity:72:17:76:Infinity":7,"s:69:10:76:Infinity":27,"s:70:12:70:Infinity":28,"s:71:12:71:Infinity":29,"s:73:12:76:Infinity":30,"f:75:84:75:88":4,"s:75:93:75:114":31,"s:79:10:82:Infinity":32,"b:87:6:94:Infinity:undefined:undefined:undefined:undefined":8,"s:87:6:94:Infinity":33,"s:88:8:88:Infinity":34,"b:88:24:88:68:88:72:88:Infinity":9,"f:88:31:88:36":5,"s:88:41:88:68":35,"b:89:8:94:Infinity:91:15:94:Infinity":10,"s:89:8:94:Infinity":36,"s:90:10:90:Infinity":37,"s:92:10:92:Infinity":38,"b:92:26:92:66:92:70:92:Infinity":11,"f:92:33:92:38":6,"s:92:43:92:66":39,"b:93:10:94:Infinity:undefined:undefined:undefined:undefined":12,"s:93:10:94:Infinity":40,"s:94:12:94:Infinity":41,"b:99:6:103:Infinity:undefined:undefined:undefined:undefined":13,"s:99:6:103:Infinity":42,"s:100:8:103:Infinity":43,"s:107:23:107:72":44,"s:108:23:108:53":45,"s:111:34:111:64":46,"b:112:6:117:Infinity:undefined:undefined:undefined:undefined":14,"s:112:6:117:Infinity":47,"s:113:24:113:63":48,"s:114:8:117:Infinity":49,"b:120:6:124:Infinity:undefined:undefined:undefined:undefined":15,"s:120:6:124:Infinity":50,"s:121:8:124:Infinity":51,"s:127:12:127:44":52,"b:128:6:132:Infinity:undefined:undefined:undefined:undefined":16,"s:128:6:132:Infinity":53,"s:129:8:132:Infinity":54,"s:136:12:136:72":55,"s:137:12:137:67":56,"s:140:12:140:47":57,"s:141:27:141:68":58,"f:141:33:141:40":7,"s:141:45:141:68":59,"s:142:26:142:69":60,"f:142:32:142:37":8,"s:142:42:142:69":61,"s:145:20:145:Infinity":62,"s:146:6:146:Infinity":63,"b:148:6:149:Infinity:undefined:undefined:undefined:undefined":17,"s:148:6:149:Infinity":64,"s:149:8:149:Infinity":65,"f:149:57:149:61":9,"s:149:66:149:81":66,"s:152:6:152:Infinity":67,"b:154:6:156:Infinity:undefined:undefined:undefined:undefined":18,"s:154:6:156:Infinity":68,"s:155:8:155:Infinity":69,"s:156:8:156:Infinity":70,"b:159:6:164:Infinity:undefined:undefined:undefined:undefined":19,"s:159:6:164:Infinity":71,"s:160:8:160:Infinity":72,"s:161:8:162:Infinity":73,"s:162:10:162:Infinity":74,"s:164:8:164:Infinity":75,"s:168:23:168:53":76,"s:169:24:169:Infinity":77,"b:171:6:175:Infinity:undefined:undefined:undefined:undefined":20,"s:171:6:175:Infinity":78,"s:172:14:172:46":79,"b:173:8:175:Infinity:undefined:undefined:undefined:undefined":21,"s:173:8:175:Infinity":80,"s:174:10:174:Infinity":81,"s:175:10:175:Infinity":82,"s:180:12:180:76":83,"s:181:12:181:81":84,"s:182:12:182:78":85,"b:184:6:188:Infinity:undefined:undefined:undefined:undefined":22,"s:184:6:188:Infinity":86,"b:184:10:184:28:184:28:184:48:184:48:184:65":23,"s:185:8:185:Infinity":87,"b:186:8:186:Infinity:undefined:undefined:undefined:undefined":24,"s:186:8:186:Infinity":88,"s:186:28:186:Infinity":89,"b:187:8:187:Infinity:undefined:undefined:undefined:undefined":25,"s:187:8:187:Infinity":90,"s:187:30:187:Infinity":91,"b:188:8:188:Infinity:undefined:undefined:undefined:undefined":26,"s:188:8:188:Infinity":92,"s:188:29:188:Infinity":93,"s:191:6:193:Infinity":94,"s:192:8:192:Infinity":95,"s:193:8:193:Infinity":96,"s:196:6:196:Infinity":97,"s:197:6:197:Infinity":98,"s:198:6:198:Infinity":99,"s:199:6:199:Infinity":100,"s:200:6:200:Infinity":101,"s:201:6:201:Infinity":102,"s:202:6:202:Infinity":103,"s:203:6:203:Infinity":104,"s:205:6:214:Infinity":105,"s:216:6:219:Infinity":106,"b:218:68:218:84:218:84:218:97":27}}}
,"D:\\specskills\\src\\utils\\fileSystem.ts": {"path":"D:\\specskills\\src\\utils\\fileSystem.ts","statementMap":{"0":{"start":{"line":8,"column":29},"end":{"line":8,"column":null}},"1":{"start":{"line":9,"column":27},"end":{"line":9,"column":null}},"2":{"start":{"line":12,"column":24},"end":{"line":12,"column":59}},"3":{"start":{"line":14,"column":2},"end":{"line":15,"column":null}},"4":{"start":{"line":15,"column":4},"end":{"line":15,"column":null}},"5":{"start":{"line":18,"column":2},"end":{"line":18,"column":null}},"6":{"start":{"line":22,"column":2},"end":{"line":23,"column":null}},"7":{"start":{"line":23,"column":4},"end":{"line":23,"column":null}},"8":{"start":{"line":28,"column":2},"end":{"line":28,"column":null}},"9":{"start":{"line":32,"column":2},"end":{"line":38,"column":null}},"10":{"start":{"line":33,"column":4},"end":{"line":34,"column":null}},"11":{"start":{"line":34,"column":6},"end":{"line":34,"column":null}},"12":{"start":{"line":36,"column":4},"end":{"line":36,"column":null}},"13":{"start":{"line":38,"column":4},"end":{"line":38,"column":null}},"14":{"start":{"line":43,"column":2},"end":{"line":43,"column":null}},"15":{"start":{"line":44,"column":2},"end":{"line":44,"column":null}},"16":{"start":{"line":48,"column":18},"end":{"line":48,"column":36}},"17":{"start":{"line":49,"column":2},"end":{"line":50,"column":null}},"18":{"start":{"line":50,"column":4},"end":{"line":50,"column":null}},"19":{"start":{"line":52,"column":2},"end":{"line":55,"column":null}},"20":{"start":{"line":53,"column":4},"end":{"line":53,"column":null}},"21":{"start":{"line":55,"column":4},"end":{"line":55,"column":null}},"22":{"start":{"line":60,"column":2},"end":{"line":60,"column":null}},"23":{"start":{"line":64,"column":2},"end":{"line":65,"column":null}},"24":{"start":{"line":65,"column":4},"end":{"line":65,"column":null}},"25":{"start":{"line":67,"column":16},"end":{"line":67,"column":39}},"26":{"start":{"line":68,"column":2},"end":{"line":69,"column":null}},"27":{"start":{"line":69,"column":4},"end":{"line":69,"column":null}},"28":{"start":{"line":69,"column":39},"end":{"line":69,"column":60}},"29":{"start":{"line":71,"column":2},"end":{"line":71,"column":null}},"30":{"start":{"line":75,"column":2},"end":{"line":76,"column":null}},"31":{"start":{"line":76,"column":4},"end":{"line":76,"column":null}},"32":{"start":{"line":78,"column":2},"end":{"line":79,"column":null}},"33":{"start":{"line":79,"column":27},"end":{"line":79,"column":75}}},"fnMap":{"0":{"name":"resolveConductorDir","decl":{"start":{"line":11,"column":16},"end":{"line":11,"column":36}},"loc":{"start":{"line":11,"column":65},"end":{"line":18,"column":null}},"line":11},"1":{"name":"ensureDir","decl":{"start":{"line":21,"column":16},"end":{"line":21,"column":26}},"loc":{"start":{"line":21,"column":49},"end":{"line":23,"column":null}},"line":21},"2":{"name":"fileExists","decl":{"start":{"line":27,"column":16},"end":{"line":27,"column":27}},"loc":{"start":{"line":27,"column":54},"end":{"line":28,"column":null}},"line":27},"3":{"name":"readFile","decl":{"start":{"line":31,"column":16},"end":{"line":31,"column":25}},"loc":{"start":{"line":31,"column":58},"end":{"line":38,"column":null}},"line":31},"4":{"name":"writeFile","decl":{"start":{"line":42,"column":16},"end":{"line":42,"column":26}},"loc":{"start":{"line":42,"column":67},"end":{"line":44,"column":null}},"line":42},"5":{"name":"readJsonFile","decl":{"start":{"line":47,"column":16},"end":{"line":47,"column":32}},"loc":{"start":{"line":47,"column":60},"end":{"line":55,"column":null}},"line":47},"6":{"name":"writeJsonFile","decl":{"start":{"line":59,"column":16},"end":{"line":59,"column":30}},"loc":{"start":{"line":59,"column":69},"end":{"line":60,"column":null}},"line":59},"7":{"name":"listFiles","decl":{"start":{"line":63,"column":16},"end":{"line":63,"column":26}},"loc":{"start":{"line":63,"column":73},"end":{"line":71,"column":null}},"line":63},"8":{"name":"(anonymous_8)","decl":{"start":{"line":69,"column":17},"end":{"line":69,"column":25}},"loc":{"start":{"line":69,"column":39},"end":{"line":69,"column":60}},"line":69},"9":{"name":"listDirectories","decl":{"start":{"line":74,"column":16},"end":{"line":74,"column":32}},"loc":{"start":{"line":74,"column":59},"end":{"line":79,"column":null}},"line":74},"10":{"name":"(anonymous_10)","decl":{"start":{"line":79,"column":5},"end":{"line":79,"column":13}},"loc":{"start":{"line":79,"column":27},"end":{"line":79,"column":75}},"line":79}},"branchMap":{"0":{"loc":{"start":{"line":14,"column":2},"end":{"line":15,"column":null}},"type":"if","locations":[{"start":{"line":14,"column":2},"end":{"line":15,"column":null}},{"start":{},"end":{}}],"line":14},"1":{"loc":{"start":{"line":14,"column":6},"end":{"line":14,"column":78}},"type":"binary-expr","locations":[{"start":{"line":14,"column":6},"end":{"line":14,"column":34}},{"start":{"line":14,"column":38},"end":{"line":14,"column":78}}],"line":14},"2":{"loc":{"start":{"line":22,"column":2},"end":{"line":23,"column":null}},"type":"if","locations":[{"start":{"line":22,"column":2},"end":{"line":23,"column":null}},{"start":{},"end":{}}],"line":22},"3":{"loc":{"start":{"line":28,"column":9},"end":{"line":28,"column":66}},"type":"binary-expr","locations":[{"start":{"line":28,"column":9},"end":{"line":28,"column":32}},{"start":{"line":28,"column":36},"end":{"line":28,"column":66}}],"line":28},"4":{"loc":{"start":{"line":33,"column":4},"end":{"line":34,"column":null}},"type":"if","locations":[{"start":{"line":33,"column":4},"end":{"line":34,"column":null}},{"start":{},"end":{}}],"line":33},"5":{"loc":{"start":{"line":49,"column":2},"end":{"line":50,"column":null}},"type":"if","locations":[{"start":{"line":49,"column":2},"end":{"line":50,"column":null}},{"start":{},"end":{}}],"line":49},"6":{"loc":{"start":{"line":64,"column":2},"end":{"line":65,"column":null}},"type":"if","locations":[{"start":{"line":64,"column":2},"end":{"line":65,"column":null}},{"start":{},"end":{}}],"line":64},"7":{"loc":{"start":{"line":68,"column":2},"end":{"line":69,"column":null}},"type":"if","locations":[{"start":{"line":68,"column":2},"end":{"line":69,"column":null}},{"start":{},"end":{}}],"line":68},"8":{"loc":{"start":{"line":75,"column":2},"end":{"line":76,"column":null}},"type":"if","locations":[{"start":{"line":75,"column":2},"end":{"line":76,"column":null}},{"start":{},"end":{}}],"line":75}},"s":{"0":3,"1":3,"2":1,"3":1,"4":1,"5":0,"6":2,"7":1,"8":6,"9":4,"10":4,"11":1,"12":3,"13":0,"14":1,"15":1,"16":2,"17":2,"18":0,"19":2,"20":2,"21":1,"22":0,"23":2,"24":0,"25":2,"26":2,"27":1,"28":2,"29":1,"30":1,"31":0,"32":1,"33":2},"f":{"0":1,"1":2,"2":6,"3":4,"4":1,"5":2,"6":0,"7":2,"8":2,"9":1,"10":2},"b":{"0":[1,0],"1":[1,1],"2":[1,1],"3":[6,5],"4":[1,3],"5":[0,2],"6":[0,2],"7":[1,1],"8":[0,1]},"meta":{"lastBranch":9,"lastFunction":11,"lastStatement":34,"seen":{"s:8:29:8:Infinity":0,"s:9:27:9:Infinity":1,"f:11:16:11:36":0,"s:12:24:12:59":2,"b:14:2:15:Infinity:undefined:undefined:undefined:undefined":0,"s:14:2:15:Infinity":3,"b:14:6:14:34:14:38:14:78":1,"s:15:4:15:Infinity":4,"s:18:2:18:Infinity":5,"f:21:16:21:26":1,"b:22:2:23:Infinity:undefined:undefined:undefined:undefined":2,"s:22:2:23:Infinity":6,"s:23:4:23:Infinity":7,"f:27:16:27:27":2,"s:28:2:28:Infinity":8,"b:28:9:28:32:28:36:28:66":3,"f:31:16:31:25":3,"s:32:2:38:Infinity":9,"b:33:4:34:Infinity:undefined:undefined:undefined:undefined":4,"s:33:4:34:Infinity":10,"s:34:6:34:Infinity":11,"s:36:4:36:Infinity":12,"s:38:4:38:Infinity":13,"f:42:16:42:26":4,"s:43:2:43:Infinity":14,"s:44:2:44:Infinity":15,"f:47:16:47:32":5,"s:48:18:48:36":16,"b:49:2:50:Infinity:undefined:undefined:undefined:undefined":5,"s:49:2:50:Infinity":17,"s:50:4:50:Infinity":18,"s:52:2:55:Infinity":19,"s:53:4:53:Infinity":20,"s:55:4:55:Infinity":21,"f:59:16:59:30":6,"s:60:2:60:Infinity":22,"f:63:16:63:26":7,"b:64:2:65:Infinity:undefined:undefined:undefined:undefined":6,"s:64:2:65:Infinity":23,"s:65:4:65:Infinity":24,"s:67:16:67:39":25,"b:68:2:69:Infinity:undefined:undefined:undefined:undefined":7,"s:68:2:69:Infinity":26,"s:69:4:69:Infinity":27,"f:69:17:69:25":8,"s:69:39:69:60":28,"s:71:2:71:Infinity":29,"f:74:16:74:32":9,"b:75:2:76:Infinity:undefined:undefined:undefined:undefined":8,"s:75:2:76:Infinity":30,"s:76:4:76:Infinity":31,"s:78:2:79:Infinity":32,"f:79:5:79:13":10,"s:79:27:79:75":33}}}
,"D:\\specskills\\src\\utils\\markdown.ts": {"path":"D:\\specskills\\src\\utils\\markdown.ts","statementMap":{"0":{"start":{"line":21,"column":32},"end":{"line":21,"column":34}},"1":{"start":{"line":22,"column":16},"end":{"line":22,"column":35}},"2":{"start":{"line":24,"column":2},"end":{"line":50,"column":null}},"3":{"start":{"line":27,"column":23},"end":{"line":27,"column":123}},"4":{"start":{"line":29,"column":4},"end":{"line":37,"column":null}},"5":{"start":{"line":30,"column":25},"end":{"line":30,"column":null}},"6":{"start":{"line":31,"column":21},"end":{"line":32,"column":null}},"7":{"start":{"line":33,"column":26},"end":{"line":33,"column":46}},"8":{"start":{"line":34,"column":25},"end":{"line":34,"column":45}},"9":{"start":{"line":36,"column":6},"end":{"line":36,"column":null}},"10":{"start":{"line":37,"column":6},"end":{"line":37,"column":null}},"11":{"start":{"line":41,"column":23},"end":{"line":41,"column":90}},"12":{"start":{"line":42,"column":4},"end":{"line":50,"column":null}},"13":{"start":{"line":43,"column":25},"end":{"line":43,"column":45}},"14":{"start":{"line":44,"column":26},"end":{"line":44,"column":46}},"15":{"start":{"line":45,"column":25},"end":{"line":45,"column":52}},"16":{"start":{"line":47,"column":21},"end":{"line":48,"column":null}},"17":{"start":{"line":50,"column":6},"end":{"line":50,"column":null}},"18":{"start":{"line":54,"column":2},"end":{"line":54,"column":null}},"19":{"start":{"line":61,"column":30},"end":{"line":61,"column":32}},"20":{"start":{"line":62,"column":16},"end":{"line":62,"column":35}},"21":{"start":{"line":64,"column":2},"end":{"line":75,"column":null}},"22":{"start":{"line":66,"column":22},"end":{"line":66,"column":95}},"23":{"start":{"line":68,"column":4},"end":{"line":75,"column":null}},"24":{"start":{"line":69,"column":25},"end":{"line":69,"column":null}},"25":{"start":{"line":70,"column":21},"end":{"line":71,"column":null}},"26":{"start":{"line":72,"column":26},"end":{"line":72,"column":45}},"27":{"start":{"line":73,"column":25},"end":{"line":73,"column":null}},"28":{"start":{"line":75,"column":6},"end":{"line":75,"column":null}},"29":{"start":{"line":79,"column":2},"end":{"line":79,"column":null}},"30":{"start":{"line":91,"column":21},"end":{"line":92,"column":null}},"31":{"start":{"line":94,"column":29},"end":{"line":94,"column":83}},"32":{"start":{"line":96,"column":18},"end":{"line":98,"column":null}},"33":{"start":{"line":101,"column":21},"end":{"line":101,"column":null}},"34":{"start":{"line":103,"column":2},"end":{"line":103,"column":null}},"35":{"start":{"line":114,"column":21},"end":{"line":115,"column":null}},"36":{"start":{"line":117,"column":29},"end":{"line":117,"column":84}},"37":{"start":{"line":120,"column":19},"end":{"line":122,"column":null}},"38":{"start":{"line":126,"column":19},"end":{"line":128,"column":null}},"39":{"start":{"line":131,"column":2},"end":{"line":133,"column":null}},"40":{"start":{"line":145,"column":2},"end":{"line":150,"column":null}},"41":{"start":{"line":147,"column":33},"end":{"line":147,"column":58}},"42":{"start":{"line":148,"column":34},"end":{"line":148,"column":61}},"43":{"start":{"line":149,"column":31},"end":{"line":149,"column":54}},"44":{"start":{"line":155,"column":25},"end":{"line":155,"column":60}},"45":{"start":{"line":156,"column":25},"end":{"line":156,"column":null}},"46":{"start":{"line":158,"column":2},"end":{"line":158,"column":null}}},"fnMap":{"0":{"name":"parseTracksIndex","decl":{"start":{"line":20,"column":16},"end":{"line":20,"column":33}},"loc":{"start":{"line":20,"column":65},"end":{"line":54,"column":null}},"line":20},"1":{"name":"parsePlanTasks","decl":{"start":{"line":60,"column":16},"end":{"line":60,"column":31}},"loc":{"start":{"line":60,"column":62},"end":{"line":79,"column":null}},"line":60},"2":{"name":"updateTaskStatus","decl":{"start":{"line":85,"column":16},"end":{"line":85,"column":null}},"loc":{"start":{"line":90,"column":10},"end":{"line":103,"column":null}},"line":90},"3":{"name":"updateTrackStatus","decl":{"start":{"line":109,"column":16},"end":{"line":109,"column":null}},"loc":{"start":{"line":113,"column":10},"end":{"line":133,"column":null}},"line":113},"4":{"name":"countTasksByStatus","decl":{"start":{"line":139,"column":16},"end":{"line":139,"column":35}},"loc":{"start":{"line":144,"column":2},"end":{"line":150,"column":null}},"line":144},"5":{"name":"(anonymous_5)","decl":{"start":{"line":147,"column":21},"end":{"line":147,"column":28}},"loc":{"start":{"line":147,"column":33},"end":{"line":147,"column":58}},"line":147},"6":{"name":"(anonymous_6)","decl":{"start":{"line":148,"column":22},"end":{"line":148,"column":29}},"loc":{"start":{"line":148,"column":34},"end":{"line":148,"column":61}},"line":148},"7":{"name":"(anonymous_7)","decl":{"start":{"line":149,"column":19},"end":{"line":149,"column":26}},"loc":{"start":{"line":149,"column":31},"end":{"line":149,"column":54}},"line":149},"8":{"name":"renderProgressBar","decl":{"start":{"line":154,"column":16},"end":{"line":154,"column":34}},"loc":{"start":{"line":154,"column":79},"end":{"line":158,"column":null}},"line":154}},"branchMap":{"0":{"loc":{"start":{"line":29,"column":4},"end":{"line":37,"column":null}},"type":"if","locations":[{"start":{"line":29,"column":4},"end":{"line":37,"column":null}},{"start":{},"end":{}}],"line":29},"1":{"loc":{"start":{"line":31,"column":21},"end":{"line":32,"column":null}},"type":"cond-expr","locations":[{"start":{"line":31,"column":42},"end":{"line":31,"column":null}},{"start":{"line":32,"column":21},"end":{"line":32,"column":null}}],"line":31},"2":{"loc":{"start":{"line":32,"column":21},"end":{"line":32,"column":null}},"type":"cond-expr","locations":[{"start":{"line":32,"column":42},"end":{"line":32,"column":58}},{"start":{"line":32,"column":58},"end":{"line":32,"column":null}}],"line":32},"3":{"loc":{"start":{"line":42,"column":4},"end":{"line":50,"column":null}},"type":"if","locations":[{"start":{"line":42,"column":4},"end":{"line":50,"column":null}},{"start":{},"end":{}}],"line":42},"4":{"loc":{"start":{"line":47,"column":21},"end":{"line":48,"column":null}},"type":"cond-expr","locations":[{"start":{"line":47,"column":83},"end":{"line":47,"column":null}},{"start":{"line":48,"column":21},"end":{"line":48,"column":null}}],"line":47},"5":{"loc":{"start":{"line":47,"column":21},"end":{"line":47,"column":80}},"type":"binary-expr","locations":[{"start":{"line":47,"column":21},"end":{"line":47,"column":52}},{"start":{"line":47,"column":56},"end":{"line":47,"column":80}}],"line":47},"6":{"loc":{"start":{"line":48,"column":21},"end":{"line":48,"column":null}},"type":"cond-expr","locations":[{"start":{"line":48,"column":84},"end":{"line":48,"column":100}},{"start":{"line":48,"column":100},"end":{"line":48,"column":null}}],"line":48},"7":{"loc":{"start":{"line":48,"column":21},"end":{"line":48,"column":81}},"type":"binary-expr","locations":[{"start":{"line":48,"column":21},"end":{"line":48,"column":52}},{"start":{"line":48,"column":56},"end":{"line":48,"column":81}}],"line":48},"8":{"loc":{"start":{"line":68,"column":4},"end":{"line":75,"column":null}},"type":"if","locations":[{"start":{"line":68,"column":4},"end":{"line":75,"column":null}},{"start":{},"end":{}}],"line":68},"9":{"loc":{"start":{"line":70,"column":21},"end":{"line":71,"column":null}},"type":"cond-expr","locations":[{"start":{"line":70,"column":42},"end":{"line":70,"column":null}},{"start":{"line":71,"column":21},"end":{"line":71,"column":null}}],"line":70},"10":{"loc":{"start":{"line":71,"column":21},"end":{"line":71,"column":null}},"type":"cond-expr","locations":[{"start":{"line":71,"column":42},"end":{"line":71,"column":58}},{"start":{"line":71,"column":58},"end":{"line":71,"column":null}}],"line":71},"11":{"loc":{"start":{"line":91,"column":21},"end":{"line":92,"column":null}},"type":"cond-expr","locations":[{"start":{"line":91,"column":49},"end":{"line":91,"column":null}},{"start":{"line":92,"column":21},"end":{"line":92,"column":null}}],"line":91},"12":{"loc":{"start":{"line":92,"column":21},"end":{"line":92,"column":null}},"type":"cond-expr","locations":[{"start":{"line":92,"column":51},"end":{"line":92,"column":57}},{"start":{"line":92,"column":57},"end":{"line":92,"column":null}}],"line":92},"13":{"loc":{"start":{"line":101,"column":21},"end":{"line":101,"column":null}},"type":"cond-expr","locations":[{"start":{"line":101,"column":34},"end":{"line":101,"column":63}},{"start":{"line":101,"column":63},"end":{"line":101,"column":null}}],"line":101},"14":{"loc":{"start":{"line":114,"column":21},"end":{"line":115,"column":null}},"type":"cond-expr","locations":[{"start":{"line":114,"column":49},"end":{"line":114,"column":null}},{"start":{"line":115,"column":21},"end":{"line":115,"column":null}}],"line":114},"15":{"loc":{"start":{"line":115,"column":21},"end":{"line":115,"column":null}},"type":"cond-expr","locations":[{"start":{"line":115,"column":51},"end":{"line":115,"column":57}},{"start":{"line":115,"column":57},"end":{"line":115,"column":null}}],"line":115},"16":{"loc":{"start":{"line":154,"column":51},"end":{"line":154,"column":79}},"type":"default-arg","locations":[{"start":{"line":154,"column":67},"end":{"line":154,"column":79}}],"line":154}},"s":{"0":3,"1":3,"2":3,"3":3,"4":3,"5":1,"6":1,"7":1,"8":1,"9":1,"10":1,"11":2,"12":2,"13":2,"14":2,"15":2,"16":2,"17":2,"18":3,"19":1,"20":1,"21":1,"22":5,"23":5,"24":3,"25":3,"26":3,"27":3,"28":3,"29":1,"30":2,"31":2,"32":2,"33":2,"34":2,"35":1,"36":1,"37":1,"38":1,"39":1,"40":1,"41":4,"42":4,"43":4,"44":0,"45":0,"46":0},"f":{"0":3,"1":1,"2":2,"3":1,"4":1,"5":4,"6":4,"7":4,"8":0},"b":{"0":[1,2],"1":[0,1],"2":[1,0],"3":[2,0],"4":[1,1],"5":[2,1],"6":[1,0],"7":[1,0],"8":[3,2],"9":[1,2],"10":[1,1],"11":[1,1],"12":[1,0],"13":[1,1],"14":[0,1],"15":[1,0],"16":[0]},"meta":{"lastBranch":17,"lastFunction":9,"lastStatement":47,"seen":{"f:20:16:20:33":0,"s:21:32:21:34":0,"s:22:16:22:35":1,"s:24:2:50:Infinity":2,"s:27:23:27:123":3,"b:29:4:37:Infinity:undefined:undefined:undefined:undefined":0,"s:29:4:37:Infinity":4,"s:30:25:30:Infinity":5,"s:31:21:32:Infinity":6,"b:31:42:31:Infinity:32:21:32:Infinity":1,"b:32:42:32:58:32:58:32:Infinity":2,"s:33:26:33:46":7,"s:34:25:34:45":8,"s:36:6:36:Infinity":9,"s:37:6:37:Infinity":10,"s:41:23:41:90":11,"b:42:4:50:Infinity:undefined:undefined:undefined:undefined":3,"s:42:4:50:Infinity":12,"s:43:25:43:45":13,"s:44:26:44:46":14,"s:45:25:45:52":15,"s:47:21:48:Infinity":16,"b:47:83:47:Infinity:48:21:48:Infinity":4,"b:47:21:47:52:47:56:47:80":5,"b:48:84:48:100:48:100:48:Infinity":6,"b:48:21:48:52:48:56:48:81":7,"s:50:6:50:Infinity":17,"s:54:2:54:Infinity":18,"f:60:16:60:31":1,"s:61:30:61:32":19,"s:62:16:62:35":20,"s:64:2:75:Infinity":21,"s:66:22:66:95":22,"b:68:4:75:Infinity:undefined:undefined:undefined:undefined":8,"s:68:4:75:Infinity":23,"s:69:25:69:Infinity":24,"s:70:21:71:Infinity":25,"b:70:42:70:Infinity:71:21:71:Infinity":9,"b:71:42:71:58:71:58:71:Infinity":10,"s:72:26:72:45":26,"s:73:25:73:Infinity":27,"s:75:6:75:Infinity":28,"s:79:2:79:Infinity":29,"f:85:16:85:Infinity":2,"s:91:21:92:Infinity":30,"b:91:49:91:Infinity:92:21:92:Infinity":11,"b:92:51:92:57:92:57:92:Infinity":12,"s:94:29:94:83":31,"s:96:18:98:Infinity":32,"s:101:21:101:Infinity":33,"b:101:34:101:63:101:63:101:Infinity":13,"s:103:2:103:Infinity":34,"f:109:16:109:Infinity":3,"s:114:21:115:Infinity":35,"b:114:49:114:Infinity:115:21:115:Infinity":14,"b:115:51:115:57:115:57:115:Infinity":15,"s:117:29:117:84":36,"s:120:19:122:Infinity":37,"s:126:19:128:Infinity":38,"s:131:2:133:Infinity":39,"f:139:16:139:35":4,"s:145:2:150:Infinity":40,"f:147:21:147:28":5,"s:147:33:147:58":41,"f:148:22:148:29":6,"s:148:34:148:61":42,"f:149:19:149:26":7,"s:149:31:149:54":43,"f:154:16:154:34":8,"b:154:67:154:79":16,"s:155:25:155:60":44,"s:156:25:156:Infinity":45,"s:158:2:158:Infinity":46}}}
,"D:\\specskills\\src\\utils\\skills.ts": {"path":"D:\\specskills\\src\\utils\\skills.ts","statementMap":{"0":{"start":{"line":9,"column":8},"end":{"line":9,"column":43}},"1":{"start":{"line":10,"column":26},"end":{"line":10,"column":28}},"2":{"start":{"line":12,"column":2},"end":{"line":19,"column":null}},"3":{"start":{"line":13,"column":21},"end":{"line":13,"column":47}},"4":{"start":{"line":14,"column":10},"end":{"line":14,"column":38}},"5":{"start":{"line":15,"column":4},"end":{"line":19,"column":null}},"6":{"start":{"line":16,"column":17},"end":{"line":16,"column":43}},"7":{"start":{"line":17,"column":20},"end":{"line":17,"column":47}},"8":{"start":{"line":18,"column":6},"end":{"line":19,"column":null}},"9":{"start":{"line":19,"column":8},"end":{"line":19,"column":null}},"10":{"start":{"line":24,"column":2},"end":{"line":24,"column":null}},"11":{"start":{"line":31,"column":21},"end":{"line":31,"column":56}},"12":{"start":{"line":32,"column":23},"end":{"line":32,"column":81}},"13":{"start":{"line":33,"column":22},"end":{"line":33,"column":63}},"14":{"start":{"line":34,"column":24},"end":{"line":34,"column":67}},"15":{"start":{"line":37,"column":26},"end":{"line":37,"column":83}},"16":{"start":{"line":39,"column":2},"end":{"line":40,"column":null}},"17":{"start":{"line":40,"column":4},"end":{"line":40,"column":null}},"18":{"start":{"line":43,"column":19},"end":{"line":45,"column":8}},"19":{"start":{"line":44,"column":43},"end":{"line":44,"column":65}},"20":{"start":{"line":47,"column":2},"end":{"line":55,"column":null}},"21":{"start":{"line":62,"column":31},"end":{"line":62,"column":33}},"22":{"start":{"line":63,"column":25},"end":{"line":63,"column":50}},"23":{"start":{"line":65,"column":2},"end":{"line":72,"column":null}},"24":{"start":{"line":67,"column":21},"end":{"line":68,"column":null}},"25":{"start":{"line":68,"column":6},"end":{"line":68,"column":52}},"26":{"start":{"line":71,"column":4},"end":{"line":72,"column":null}},"27":{"start":{"line":72,"column":6},"end":{"line":72,"column":null}},"28":{"start":{"line":76,"column":2},"end":{"line":76,"column":null}},"29":{"start":{"line":83,"column":32},"end":{"line":83,"column":34}},"30":{"start":{"line":86,"column":21},"end":{"line":86,"column":null}},"31":{"start":{"line":88,"column":19},"end":{"line":88,"column":36}},"32":{"start":{"line":90,"column":2},"end":{"line":91,"column":null}},"33":{"start":{"line":91,"column":4},"end":{"line":91,"column":null}},"34":{"start":{"line":94,"column":2},"end":{"line":96,"column":null}},"35":{"start":{"line":95,"column":4},"end":{"line":96,"column":null}},"36":{"start":{"line":96,"column":6},"end":{"line":96,"column":null}},"37":{"start":{"line":100,"column":2},"end":{"line":100,"column":null}}},"fnMap":{"0":{"name":"loadAllSkills","decl":{"start":{"line":8,"column":16},"end":{"line":8,"column":30}},"loc":{"start":{"line":8,"column":58},"end":{"line":24,"column":null}},"line":8},"1":{"name":"parseSkillFile","decl":{"start":{"line":30,"column":16},"end":{"line":30,"column":31}},"loc":{"start":{"line":30,"column":74},"end":{"line":55,"column":null}},"line":30},"2":{"name":"(anonymous_2)","decl":{"start":{"line":44,"column":34},"end":{"line":44,"column":38}},"loc":{"start":{"line":44,"column":43},"end":{"line":44,"column":65}},"line":44},"3":{"name":"getRecommendedSkills","decl":{"start":{"line":61,"column":16},"end":{"line":61,"column":37}},"loc":{"start":{"line":61,"column":87},"end":{"line":76,"column":null}},"line":61},"4":{"name":"(anonymous_4)","decl":{"start":{"line":67,"column":36},"end":{"line":67,"column":41}},"loc":{"start":{"line":68,"column":6},"end":{"line":68,"column":52}},"line":68},"5":{"name":"findActiveSkills","decl":{"start":{"line":82,"column":16},"end":{"line":82,"column":33}},"loc":{"start":{"line":82,"column":76},"end":{"line":100,"column":null}},"line":82}},"branchMap":{"0":{"loc":{"start":{"line":15,"column":4},"end":{"line":19,"column":null}},"type":"if","locations":[{"start":{"line":15,"column":4},"end":{"line":19,"column":null}},{"start":{},"end":{}}],"line":15},"1":{"loc":{"start":{"line":18,"column":6},"end":{"line":19,"column":null}},"type":"if","locations":[{"start":{"line":18,"column":6},"end":{"line":19,"column":null}},{"start":{},"end":{}}],"line":18},"2":{"loc":{"start":{"line":39,"column":2},"end":{"line":40,"column":null}},"type":"if","locations":[{"start":{"line":39,"column":2},"end":{"line":40,"column":null}},{"start":{},"end":{}}],"line":39},"3":{"loc":{"start":{"line":39,"column":6},"end":{"line":39,"column":36}},"type":"binary-expr","locations":[{"start":{"line":39,"column":6},"end":{"line":39,"column":21}},{"start":{"line":39,"column":21},"end":{"line":39,"column":36}}],"line":39},"4":{"loc":{"start":{"line":43,"column":19},"end":{"line":45,"column":8}},"type":"cond-expr","locations":[{"start":{"line":44,"column":6},"end":{"line":44,"column":66}},{"start":{"line":45,"column":6},"end":{"line":45,"column":8}}],"line":43},"5":{"loc":{"start":{"line":51,"column":12},"end":{"line":51,"column":null}},"type":"cond-expr","locations":[{"start":{"line":51,"column":26},"end":{"line":51,"column":47}},{"start":{"line":51,"column":50},"end":{"line":51,"column":null}}],"line":51},"6":{"loc":{"start":{"line":53,"column":16},"end":{"line":53,"column":null}},"type":"cond-expr","locations":[{"start":{"line":53,"column":34},"end":{"line":53,"column":59}},{"start":{"line":53,"column":62},"end":{"line":53,"column":null}}],"line":53},"7":{"loc":{"start":{"line":71,"column":4},"end":{"line":72,"column":null}},"type":"if","locations":[{"start":{"line":71,"column":4},"end":{"line":72,"column":null}},{"start":{},"end":{}}],"line":71},"8":{"loc":{"start":{"line":95,"column":4},"end":{"line":96,"column":null}},"type":"if","locations":[{"start":{"line":95,"column":4},"end":{"line":96,"column":null}},{"start":{},"end":{}}],"line":95}},"s":{"0":0,"1":0,"2":0,"3":0,"4":0,"5":0,"6":0,"7":0,"8":0,"9":0,"10":0,"11":2,"12":2,"13":2,"14":2,"15":2,"16":2,"17":1,"18":1,"19":2,"20":2,"21":2,"22":2,"23":2,"24":4,"25":7,"26":4,"27":3,"28":2,"29":3,"30":3,"31":3,"32":3,"33":4,"34":3,"35":6,"36":3,"37":3},"f":{"0":0,"1":2,"2":2,"3":2,"4":7,"5":3},"b":{"0":[0,0],"1":[0,0],"2":[1,1],"3":[2,1],"4":[1,0],"5":[1,0],"6":[1,0],"7":[3,1],"8":[3,3]},"meta":{"lastBranch":9,"lastFunction":6,"lastStatement":38,"seen":{"f:8:16:8:30":0,"s:9:8:9:43":0,"s:10:26:10:28":1,"s:12:2:19:Infinity":2,"s:13:21:13:47":3,"s:14:10:14:38":4,"b:15:4:19:Infinity:undefined:undefined:undefined:undefined":0,"s:15:4:19:Infinity":5,"s:16:17:16:43":6,"s:17:20:17:47":7,"b:18:6:19:Infinity:undefined:undefined:undefined:undefined":1,"s:18:6:19:Infinity":8,"s:19:8:19:Infinity":9,"s:24:2:24:Infinity":10,"f:30:16:30:31":1,"s:31:21:31:56":11,"s:32:23:32:81":12,"s:33:22:33:63":13,"s:34:24:34:67":14,"s:37:26:37:83":15,"b:39:2:40:Infinity:undefined:undefined:undefined:undefined":2,"s:39:2:40:Infinity":16,"b:39:6:39:21:39:21:39:36":3,"s:40:4:40:Infinity":17,"s:43:19:45:8":18,"b:44:6:44:66:45:6:45:8":4,"f:44:34:44:38":2,"s:44:43:44:65":19,"s:47:2:55:Infinity":20,"b:51:26:51:47:51:50:51:Infinity":5,"b:53:34:53:59:53:62:53:Infinity":6,"f:61:16:61:37":3,"s:62:31:62:33":21,"s:63:25:63:50":22,"s:65:2:72:Infinity":23,"s:67:21:68:Infinity":24,"f:67:36:67:41":4,"s:68:6:68:52":25,"b:71:4:72:Infinity:undefined:undefined:undefined:undefined":7,"s:71:4:72:Infinity":26,"s:72:6:72:Infinity":27,"s:76:2:76:Infinity":28,"f:82:16:82:33":5,"s:83:32:83:34":29,"s:86:21:86:Infinity":30,"s:88:19:88:36":31,"s:90:2:91:Infinity":32,"s:91:4:91:Infinity":33,"s:94:2:96:Infinity":34,"b:95:4:96:Infinity:undefined:undefined:undefined:undefined":8,"s:95:4:96:Infinity":35,"s:96:6:96:Infinity":36,"s:100:2:100:Infinity":37}}}
}
